{"/Users/yusufshakeel/Documents/GitHub/sanduk/src/constants/event-constants.js": {"path":"/Users/yusufshakeel/Documents/GitHub/sanduk/src/constants/event-constants.js","statementMap":{"0":{"start":{"line":2,"column":0},"end":{"line":4,"column":2}}},"fnMap":{},"branchMap":{},"s":{"0":1},"f":{},"b":{},"_coverageSchema":"1a1c01bbd47fc00a2c39e90264f33305004495a9","hash":"42886eee7fb594ecae225b882bb9e443e560cf4a"}
,"/Users/yusufshakeel/Documents/GitHub/sanduk/src/constants/topic-subscriber-constants.js": {"path":"/Users/yusufshakeel/Documents/GitHub/sanduk/src/constants/topic-subscriber-constants.js","statementMap":{"0":{"start":{"line":2,"column":0},"end":{"line":7,"column":2}}},"fnMap":{},"branchMap":{},"s":{"0":1},"f":{},"b":{},"_coverageSchema":"1a1c01bbd47fc00a2c39e90264f33305004495a9","hash":"e8d038087afb26ee7b63423e0545e59cff5daf9e"}
,"/Users/yusufshakeel/Documents/GitHub/sanduk/src/events/in-memory-event.js": {"path":"/Users/yusufshakeel/Documents/GitHub/sanduk/src/events/in-memory-event.js","statementMap":{"0":{"start":{"line":4,"column":2},"end":{"line":7,"column":4}},"1":{"start":{"line":5,"column":37},"end":{"line":5,"column":44}},"2":{"start":{"line":6,"column":4},"end":{"line":6,"column":61}},"3":{"start":{"line":9,"column":2},"end":{"line":11,"column":4}},"4":{"start":{"line":10,"column":4},"end":{"line":10,"column":37}},"5":{"start":{"line":15,"column":2},"end":{"line":19,"column":4}},"6":{"start":{"line":16,"column":4},"end":{"line":18,"column":7}},"7":{"start":{"line":17,"column":6},"end":{"line":17,"column":52}},"8":{"start":{"line":22,"column":0},"end":{"line":22,"column":66}}},"fnMap":{"0":{"name":"InMemoryEventProducer","decl":{"start":{"line":3,"column":9},"end":{"line":3,"column":30}},"loc":{"start":{"line":3,"column":43},"end":{"line":12,"column":1}},"line":3},"1":{"name":"(anonymous_1)","decl":{"start":{"line":4,"column":14},"end":{"line":4,"column":15}},"loc":{"start":{"line":4,"column":40},"end":{"line":7,"column":3}},"line":4},"2":{"name":"(anonymous_2)","decl":{"start":{"line":9,"column":28},"end":{"line":9,"column":29}},"loc":{"start":{"line":9,"column":37},"end":{"line":11,"column":3}},"line":9},"3":{"name":"InMemoryEventConsumer","decl":{"start":{"line":14,"column":9},"end":{"line":14,"column":30}},"loc":{"start":{"line":14,"column":43},"end":{"line":20,"column":1}},"line":14},"4":{"name":"(anonymous_4)","decl":{"start":{"line":15,"column":18},"end":{"line":15,"column":19}},"loc":{"start":{"line":15,"column":38},"end":{"line":19,"column":3}},"line":15},"5":{"name":"(anonymous_5)","decl":{"start":{"line":16,"column":21},"end":{"line":16,"column":22}},"loc":{"start":{"line":16,"column":38},"end":{"line":18,"column":5}},"line":16}},"branchMap":{},"s":{"0":5,"1":14,"2":14,"3":5,"4":17,"5":4,"6":17,"7":13,"8":3},"f":{"0":5,"1":14,"2":17,"3":4,"4":17,"5":13},"b":{},"_coverageSchema":"1a1c01bbd47fc00a2c39e90264f33305004495a9","hash":"f7b196e4df97578da9cd4420a273ae8bdafbf7e8"}
,"/Users/yusufshakeel/Documents/GitHub/sanduk/src/events/index.js": {"path":"/Users/yusufshakeel/Documents/GitHub/sanduk/src/events/index.js","statementMap":{"0":{"start":{"line":2,"column":22},"end":{"line":2,"column":46}},"1":{"start":{"line":3,"column":22},"end":{"line":3,"column":41}},"2":{"start":{"line":4,"column":57},"end":{"line":4,"column":85}},"3":{"start":{"line":6,"column":0},"end":{"line":9,"column":2}}},"fnMap":{},"branchMap":{},"s":{"0":2,"1":2,"2":2,"3":2},"f":{},"b":{},"_coverageSchema":"1a1c01bbd47fc00a2c39e90264f33305004495a9","hash":"76bf260e9b74ad117541667ff88112a04a0ee4e8"}
,"/Users/yusufshakeel/Documents/GitHub/sanduk/src/handlers/clicked-tool-handler.js": {"path":"/Users/yusufshakeel/Documents/GitHub/sanduk/src/handlers/clicked-tool-handler.js","statementMap":{"0":{"start":{"line":2,"column":77},"end":{"line":2,"column":97}},"1":{"start":{"line":5,"column":4},"end":{"line":5,"column":54}},"2":{"start":{"line":6,"column":36},"end":{"line":6,"column":75}},"3":{"start":{"line":9,"column":15},"end":{"line":9,"column":19}},"4":{"start":{"line":11,"column":21},"end":{"line":11,"column":25}},"5":{"start":{"line":12,"column":27},"end":{"line":12,"column":31}},"6":{"start":{"line":14,"column":2},"end":{"line":16,"column":5}},"7":{"start":{"line":15,"column":4},"end":{"line":15,"column":58}},"8":{"start":{"line":18,"column":2},"end":{"line":26,"column":4}},"9":{"start":{"line":19,"column":4},"end":{"line":25,"column":5}},"10":{"start":{"line":20,"column":43},"end":{"line":20,"column":52}},"11":{"start":{"line":21,"column":35},"end":{"line":21,"column":73}},"12":{"start":{"line":22,"column":6},"end":{"line":24,"column":7}},"13":{"start":{"line":23,"column":8},"end":{"line":23,"column":70}},"14":{"start":{"line":28,"column":2},"end":{"line":28,"column":41}},"15":{"start":{"line":28,"column":28},"end":{"line":28,"column":40}},"16":{"start":{"line":29,"column":2},"end":{"line":29,"column":53}},"17":{"start":{"line":29,"column":34},"end":{"line":29,"column":52}},"18":{"start":{"line":31,"column":2},"end":{"line":49,"column":4}},"19":{"start":{"line":32,"column":4},"end":{"line":38,"column":5}},"20":{"start":{"line":33,"column":6},"end":{"line":37,"column":7}},"21":{"start":{"line":34,"column":8},"end":{"line":34,"column":67}},"22":{"start":{"line":36,"column":8},"end":{"line":36,"column":68}},"23":{"start":{"line":40,"column":4},"end":{"line":48,"column":5}},"24":{"start":{"line":41,"column":6},"end":{"line":47,"column":7}},"25":{"start":{"line":42,"column":8},"end":{"line":42,"column":73}},"26":{"start":{"line":43,"column":8},"end":{"line":43,"column":50}},"27":{"start":{"line":45,"column":8},"end":{"line":45,"column":74}},"28":{"start":{"line":46,"column":8},"end":{"line":46,"column":47}},"29":{"start":{"line":51,"column":2},"end":{"line":64,"column":4}},"30":{"start":{"line":52,"column":4},"end":{"line":54,"column":5}},"31":{"start":{"line":53,"column":6},"end":{"line":53,"column":18}},"32":{"start":{"line":56,"column":4},"end":{"line":61,"column":5}},"33":{"start":{"line":57,"column":21},"end":{"line":57,"column":48}},"34":{"start":{"line":58,"column":6},"end":{"line":60,"column":7}},"35":{"start":{"line":59,"column":8},"end":{"line":59,"column":24}},"36":{"start":{"line":63,"column":4},"end":{"line":63,"column":16}},"37":{"start":{"line":66,"column":2},"end":{"line":79,"column":4}},"38":{"start":{"line":67,"column":4},"end":{"line":69,"column":5}},"39":{"start":{"line":68,"column":6},"end":{"line":68,"column":18}},"40":{"start":{"line":71,"column":4},"end":{"line":76,"column":5}},"41":{"start":{"line":72,"column":23},"end":{"line":72,"column":75}},"42":{"start":{"line":73,"column":6},"end":{"line":75,"column":7}},"43":{"start":{"line":74,"column":8},"end":{"line":74,"column":30}},"44":{"start":{"line":78,"column":4},"end":{"line":78,"column":16}},"45":{"start":{"line":81,"column":2},"end":{"line":95,"column":4}},"46":{"start":{"line":82,"column":4},"end":{"line":84,"column":5}},"47":{"start":{"line":83,"column":6},"end":{"line":83,"column":13}},"48":{"start":{"line":86,"column":4},"end":{"line":86,"column":29}},"49":{"start":{"line":88,"column":4},"end":{"line":94,"column":5}},"50":{"start":{"line":89,"column":6},"end":{"line":93,"column":9}},"51":{"start":{"line":90,"column":25},"end":{"line":90,"column":71}},"52":{"start":{"line":91,"column":31},"end":{"line":91,"column":58}},"53":{"start":{"line":92,"column":8},"end":{"line":92,"column":57}},"54":{"start":{"line":97,"column":2},"end":{"line":102,"column":4}},"55":{"start":{"line":98,"column":4},"end":{"line":100,"column":5}},"56":{"start":{"line":99,"column":6},"end":{"line":99,"column":13}},"57":{"start":{"line":101,"column":4},"end":{"line":101,"column":41}},"58":{"start":{"line":104,"column":2},"end":{"line":109,"column":4}},"59":{"start":{"line":105,"column":4},"end":{"line":108,"column":7}},"60":{"start":{"line":112,"column":0},"end":{"line":112,"column":36}}},"fnMap":{"0":{"name":"ClickedToolHandler","decl":{"start":{"line":8,"column":9},"end":{"line":8,"column":27}},"loc":{"start":{"line":8,"column":96},"end":{"line":110,"column":1}},"line":8},"1":{"name":"(anonymous_1)","decl":{"start":{"line":14,"column":47},"end":{"line":14,"column":48}},"loc":{"start":{"line":14,"column":73},"end":{"line":16,"column":3}},"line":14},"2":{"name":"(anonymous_2)","decl":{"start":{"line":18,"column":36},"end":{"line":18,"column":37}},"loc":{"start":{"line":18,"column":62},"end":{"line":26,"column":3}},"line":18},"3":{"name":"(anonymous_3)","decl":{"start":{"line":28,"column":22},"end":{"line":28,"column":23}},"loc":{"start":{"line":28,"column":28},"end":{"line":28,"column":40}},"line":28},"4":{"name":"(anonymous_4)","decl":{"start":{"line":29,"column":28},"end":{"line":29,"column":29}},"loc":{"start":{"line":29,"column":34},"end":{"line":29,"column":52}},"line":29},"5":{"name":"(anonymous_5)","decl":{"start":{"line":31,"column":28},"end":{"line":31,"column":29}},"loc":{"start":{"line":31,"column":70},"end":{"line":49,"column":3}},"line":31},"6":{"name":"(anonymous_6)","decl":{"start":{"line":51,"column":25},"end":{"line":51,"column":26}},"loc":{"start":{"line":51,"column":31},"end":{"line":64,"column":3}},"line":51},"7":{"name":"(anonymous_7)","decl":{"start":{"line":66,"column":33},"end":{"line":66,"column":34}},"loc":{"start":{"line":66,"column":41},"end":{"line":79,"column":3}},"line":66},"8":{"name":"(anonymous_8)","decl":{"start":{"line":81,"column":27},"end":{"line":81,"column":28}},"loc":{"start":{"line":81,"column":40},"end":{"line":95,"column":3}},"line":81},"9":{"name":"(anonymous_9)","decl":{"start":{"line":89,"column":41},"end":{"line":89,"column":42}},"loc":{"start":{"line":89,"column":53},"end":{"line":93,"column":7}},"line":89},"10":{"name":"(anonymous_10)","decl":{"start":{"line":97,"column":33},"end":{"line":97,"column":34}},"loc":{"start":{"line":97,"column":52},"end":{"line":102,"column":3}},"line":97},"11":{"name":"(anonymous_11)","decl":{"start":{"line":104,"column":17},"end":{"line":104,"column":18}},"loc":{"start":{"line":104,"column":57},"end":{"line":109,"column":3}},"line":104}},"branchMap":{"0":{"loc":{"start":{"line":8,"column":28},"end":{"line":8,"column":60}},"type":"default-arg","locations":[{"start":{"line":8,"column":52},"end":{"line":8,"column":60}}],"line":8},"1":{"loc":{"start":{"line":8,"column":62},"end":{"line":8,"column":94}},"type":"default-arg","locations":[{"start":{"line":8,"column":86},"end":{"line":8,"column":94}}],"line":8},"2":{"loc":{"start":{"line":19,"column":4},"end":{"line":25,"column":5}},"type":"if","locations":[{"start":{"line":19,"column":4},"end":{"line":25,"column":5}},{"start":{"line":19,"column":4},"end":{"line":25,"column":5}}],"line":19},"3":{"loc":{"start":{"line":22,"column":6},"end":{"line":24,"column":7}},"type":"if","locations":[{"start":{"line":22,"column":6},"end":{"line":24,"column":7}},{"start":{"line":22,"column":6},"end":{"line":24,"column":7}}],"line":22},"4":{"loc":{"start":{"line":33,"column":6},"end":{"line":37,"column":7}},"type":"if","locations":[{"start":{"line":33,"column":6},"end":{"line":37,"column":7}},{"start":{"line":33,"column":6},"end":{"line":37,"column":7}}],"line":33},"5":{"loc":{"start":{"line":41,"column":6},"end":{"line":47,"column":7}},"type":"if","locations":[{"start":{"line":41,"column":6},"end":{"line":47,"column":7}},{"start":{"line":41,"column":6},"end":{"line":47,"column":7}}],"line":41},"6":{"loc":{"start":{"line":52,"column":4},"end":{"line":54,"column":5}},"type":"if","locations":[{"start":{"line":52,"column":4},"end":{"line":54,"column":5}},{"start":{"line":52,"column":4},"end":{"line":54,"column":5}}],"line":52},"7":{"loc":{"start":{"line":58,"column":6},"end":{"line":60,"column":7}},"type":"if","locations":[{"start":{"line":58,"column":6},"end":{"line":60,"column":7}},{"start":{"line":58,"column":6},"end":{"line":60,"column":7}}],"line":58},"8":{"loc":{"start":{"line":67,"column":4},"end":{"line":69,"column":5}},"type":"if","locations":[{"start":{"line":67,"column":4},"end":{"line":69,"column":5}},{"start":{"line":67,"column":4},"end":{"line":69,"column":5}}],"line":67},"9":{"loc":{"start":{"line":73,"column":6},"end":{"line":75,"column":7}},"type":"if","locations":[{"start":{"line":73,"column":6},"end":{"line":75,"column":7}},{"start":{"line":73,"column":6},"end":{"line":75,"column":7}}],"line":73},"10":{"loc":{"start":{"line":82,"column":4},"end":{"line":84,"column":5}},"type":"if","locations":[{"start":{"line":82,"column":4},"end":{"line":84,"column":5}},{"start":{"line":82,"column":4},"end":{"line":84,"column":5}}],"line":82},"11":{"loc":{"start":{"line":98,"column":4},"end":{"line":100,"column":5}},"type":"if","locations":[{"start":{"line":98,"column":4},"end":{"line":100,"column":5}},{"start":{"line":98,"column":4},"end":{"line":100,"column":5}}],"line":98}},"s":{"0":1,"1":1,"2":1,"3":15,"4":15,"5":15,"6":15,"7":11,"8":15,"9":11,"10":10,"11":10,"12":10,"13":1,"14":15,"15":2,"16":15,"17":2,"18":15,"19":2,"20":4,"21":2,"22":2,"23":2,"24":4,"25":2,"26":2,"27":2,"28":2,"29":15,"30":3,"31":1,"32":2,"33":2,"34":2,"35":1,"36":1,"37":15,"38":13,"39":9,"40":4,"41":5,"42":5,"43":2,"44":2,"45":15,"46":7,"47":1,"48":6,"49":6,"50":9,"51":8,"52":8,"53":8,"54":15,"55":7,"56":1,"57":6,"58":15,"59":9,"60":1},"f":{"0":15,"1":11,"2":11,"3":2,"4":2,"5":2,"6":3,"7":13,"8":7,"9":8,"10":7,"11":9},"b":{"0":[14],"1":[15],"2":[10,1],"3":[1,9],"4":[2,2],"5":[2,2],"6":[1,2],"7":[1,1],"8":[9,4],"9":[2,3],"10":[1,6],"11":[1,6]},"_coverageSchema":"1a1c01bbd47fc00a2c39e90264f33305004495a9","hash":"72d64377801453030c4b8310de5b1fed6a9599cc"}
}
