{"/Users/yusufshakeel/Documents/GitHub/sanduk/src/constants/event-constants.js": {"path":"/Users/yusufshakeel/Documents/GitHub/sanduk/src/constants/event-constants.js","statementMap":{"0":{"start":{"line":2,"column":0},"end":{"line":4,"column":2}}},"fnMap":{},"branchMap":{},"s":{"0":1},"f":{},"b":{},"_coverageSchema":"1a1c01bbd47fc00a2c39e90264f33305004495a9","hash":"42886eee7fb594ecae225b882bb9e443e560cf4a"}
,"/Users/yusufshakeel/Documents/GitHub/sanduk/src/constants/topic-subscriber-constants.js": {"path":"/Users/yusufshakeel/Documents/GitHub/sanduk/src/constants/topic-subscriber-constants.js","statementMap":{"0":{"start":{"line":2,"column":0},"end":{"line":7,"column":2}}},"fnMap":{},"branchMap":{},"s":{"0":1},"f":{},"b":{},"_coverageSchema":"1a1c01bbd47fc00a2c39e90264f33305004495a9","hash":"e8d038087afb26ee7b63423e0545e59cff5daf9e"}
,"/Users/yusufshakeel/Documents/GitHub/sanduk/src/events/in-memory-event.js": {"path":"/Users/yusufshakeel/Documents/GitHub/sanduk/src/events/in-memory-event.js","statementMap":{"0":{"start":{"line":4,"column":2},"end":{"line":7,"column":4}},"1":{"start":{"line":5,"column":37},"end":{"line":5,"column":44}},"2":{"start":{"line":6,"column":4},"end":{"line":6,"column":61}},"3":{"start":{"line":11,"column":2},"end":{"line":15,"column":4}},"4":{"start":{"line":12,"column":4},"end":{"line":14,"column":7}},"5":{"start":{"line":13,"column":6},"end":{"line":13,"column":52}},"6":{"start":{"line":18,"column":0},"end":{"line":18,"column":66}}},"fnMap":{"0":{"name":"InMemoryEventProducer","decl":{"start":{"line":3,"column":9},"end":{"line":3,"column":30}},"loc":{"start":{"line":3,"column":43},"end":{"line":8,"column":1}},"line":3},"1":{"name":"(anonymous_1)","decl":{"start":{"line":4,"column":14},"end":{"line":4,"column":15}},"loc":{"start":{"line":4,"column":40},"end":{"line":7,"column":3}},"line":4},"2":{"name":"InMemoryEventConsumer","decl":{"start":{"line":10,"column":9},"end":{"line":10,"column":30}},"loc":{"start":{"line":10,"column":43},"end":{"line":16,"column":1}},"line":10},"3":{"name":"(anonymous_3)","decl":{"start":{"line":11,"column":18},"end":{"line":11,"column":19}},"loc":{"start":{"line":11,"column":38},"end":{"line":15,"column":3}},"line":11},"4":{"name":"(anonymous_4)","decl":{"start":{"line":12,"column":21},"end":{"line":12,"column":22}},"loc":{"start":{"line":12,"column":38},"end":{"line":14,"column":5}},"line":12}},"branchMap":{},"s":{"0":4,"1":4,"2":4,"3":3,"4":6,"5":7,"6":3},"f":{"0":4,"1":4,"2":3,"3":6,"4":7},"b":{},"_coverageSchema":"1a1c01bbd47fc00a2c39e90264f33305004495a9","hash":"d3084dba7f19a8386e796b0774c89cc4ac2cccea"}
,"/Users/yusufshakeel/Documents/GitHub/sanduk/src/events/index.js": {"path":"/Users/yusufshakeel/Documents/GitHub/sanduk/src/events/index.js","statementMap":{"0":{"start":{"line":2,"column":22},"end":{"line":2,"column":46}},"1":{"start":{"line":3,"column":22},"end":{"line":3,"column":41}},"2":{"start":{"line":4,"column":57},"end":{"line":4,"column":85}},"3":{"start":{"line":6,"column":0},"end":{"line":9,"column":2}}},"fnMap":{},"branchMap":{},"s":{"0":2,"1":2,"2":2,"3":2},"f":{},"b":{},"_coverageSchema":"1a1c01bbd47fc00a2c39e90264f33305004495a9","hash":"76bf260e9b74ad117541667ff88112a04a0ee4e8"}
,"/Users/yusufshakeel/Documents/GitHub/sanduk/src/handlers/clicked-tool-handler.js": {"path":"/Users/yusufshakeel/Documents/GitHub/sanduk/src/handlers/clicked-tool-handler.js","statementMap":{"0":{"start":{"line":2,"column":57},"end":{"line":2,"column":77}},"1":{"start":{"line":5,"column":4},"end":{"line":5,"column":54}},"2":{"start":{"line":6,"column":36},"end":{"line":6,"column":75}},"3":{"start":{"line":9,"column":15},"end":{"line":9,"column":19}},"4":{"start":{"line":11,"column":21},"end":{"line":11,"column":25}},"5":{"start":{"line":12,"column":27},"end":{"line":12,"column":31}},"6":{"start":{"line":14,"column":2},"end":{"line":23,"column":5}},"7":{"start":{"line":15,"column":4},"end":{"line":22,"column":5}},"8":{"start":{"line":16,"column":43},"end":{"line":16,"column":52}},"9":{"start":{"line":17,"column":35},"end":{"line":17,"column":73}},"10":{"start":{"line":18,"column":6},"end":{"line":20,"column":7}},"11":{"start":{"line":19,"column":8},"end":{"line":19,"column":15}},"12":{"start":{"line":21,"column":6},"end":{"line":21,"column":68}},"13":{"start":{"line":25,"column":2},"end":{"line":25,"column":41}},"14":{"start":{"line":25,"column":28},"end":{"line":25,"column":40}},"15":{"start":{"line":26,"column":2},"end":{"line":26,"column":53}},"16":{"start":{"line":26,"column":34},"end":{"line":26,"column":52}},"17":{"start":{"line":28,"column":2},"end":{"line":46,"column":4}},"18":{"start":{"line":29,"column":4},"end":{"line":35,"column":5}},"19":{"start":{"line":30,"column":6},"end":{"line":34,"column":7}},"20":{"start":{"line":31,"column":8},"end":{"line":31,"column":67}},"21":{"start":{"line":33,"column":8},"end":{"line":33,"column":68}},"22":{"start":{"line":37,"column":4},"end":{"line":45,"column":5}},"23":{"start":{"line":38,"column":6},"end":{"line":44,"column":7}},"24":{"start":{"line":39,"column":8},"end":{"line":39,"column":73}},"25":{"start":{"line":40,"column":8},"end":{"line":40,"column":50}},"26":{"start":{"line":42,"column":8},"end":{"line":42,"column":74}},"27":{"start":{"line":43,"column":8},"end":{"line":43,"column":47}},"28":{"start":{"line":48,"column":2},"end":{"line":61,"column":4}},"29":{"start":{"line":49,"column":4},"end":{"line":51,"column":5}},"30":{"start":{"line":50,"column":6},"end":{"line":50,"column":18}},"31":{"start":{"line":53,"column":4},"end":{"line":58,"column":5}},"32":{"start":{"line":54,"column":21},"end":{"line":54,"column":48}},"33":{"start":{"line":55,"column":6},"end":{"line":57,"column":7}},"34":{"start":{"line":56,"column":8},"end":{"line":56,"column":24}},"35":{"start":{"line":60,"column":4},"end":{"line":60,"column":16}},"36":{"start":{"line":63,"column":2},"end":{"line":76,"column":4}},"37":{"start":{"line":64,"column":4},"end":{"line":66,"column":5}},"38":{"start":{"line":65,"column":6},"end":{"line":65,"column":18}},"39":{"start":{"line":68,"column":4},"end":{"line":73,"column":5}},"40":{"start":{"line":69,"column":23},"end":{"line":69,"column":75}},"41":{"start":{"line":70,"column":6},"end":{"line":72,"column":7}},"42":{"start":{"line":71,"column":8},"end":{"line":71,"column":30}},"43":{"start":{"line":75,"column":4},"end":{"line":75,"column":16}},"44":{"start":{"line":78,"column":2},"end":{"line":92,"column":4}},"45":{"start":{"line":79,"column":4},"end":{"line":81,"column":5}},"46":{"start":{"line":80,"column":6},"end":{"line":80,"column":13}},"47":{"start":{"line":83,"column":4},"end":{"line":83,"column":29}},"48":{"start":{"line":85,"column":4},"end":{"line":91,"column":5}},"49":{"start":{"line":86,"column":6},"end":{"line":90,"column":9}},"50":{"start":{"line":87,"column":25},"end":{"line":87,"column":71}},"51":{"start":{"line":88,"column":31},"end":{"line":88,"column":58}},"52":{"start":{"line":89,"column":8},"end":{"line":89,"column":57}},"53":{"start":{"line":94,"column":2},"end":{"line":99,"column":4}},"54":{"start":{"line":95,"column":4},"end":{"line":97,"column":5}},"55":{"start":{"line":96,"column":6},"end":{"line":96,"column":13}},"56":{"start":{"line":98,"column":4},"end":{"line":98,"column":41}},"57":{"start":{"line":101,"column":2},"end":{"line":106,"column":4}},"58":{"start":{"line":102,"column":4},"end":{"line":105,"column":7}},"59":{"start":{"line":109,"column":0},"end":{"line":109,"column":36}}},"fnMap":{"0":{"name":"ClickedToolHandler","decl":{"start":{"line":8,"column":9},"end":{"line":8,"column":27}},"loc":{"start":{"line":8,"column":30},"end":{"line":107,"column":1}},"line":8},"1":{"name":"(anonymous_1)","decl":{"start":{"line":14,"column":47},"end":{"line":14,"column":48}},"loc":{"start":{"line":14,"column":73},"end":{"line":23,"column":3}},"line":14},"2":{"name":"(anonymous_2)","decl":{"start":{"line":25,"column":22},"end":{"line":25,"column":23}},"loc":{"start":{"line":25,"column":28},"end":{"line":25,"column":40}},"line":25},"3":{"name":"(anonymous_3)","decl":{"start":{"line":26,"column":28},"end":{"line":26,"column":29}},"loc":{"start":{"line":26,"column":34},"end":{"line":26,"column":52}},"line":26},"4":{"name":"(anonymous_4)","decl":{"start":{"line":28,"column":28},"end":{"line":28,"column":29}},"loc":{"start":{"line":28,"column":70},"end":{"line":46,"column":3}},"line":28},"5":{"name":"(anonymous_5)","decl":{"start":{"line":48,"column":25},"end":{"line":48,"column":26}},"loc":{"start":{"line":48,"column":31},"end":{"line":61,"column":3}},"line":48},"6":{"name":"(anonymous_6)","decl":{"start":{"line":63,"column":33},"end":{"line":63,"column":34}},"loc":{"start":{"line":63,"column":41},"end":{"line":76,"column":3}},"line":63},"7":{"name":"(anonymous_7)","decl":{"start":{"line":78,"column":27},"end":{"line":78,"column":28}},"loc":{"start":{"line":78,"column":40},"end":{"line":92,"column":3}},"line":78},"8":{"name":"(anonymous_8)","decl":{"start":{"line":86,"column":41},"end":{"line":86,"column":42}},"loc":{"start":{"line":86,"column":53},"end":{"line":90,"column":7}},"line":86},"9":{"name":"(anonymous_9)","decl":{"start":{"line":94,"column":33},"end":{"line":94,"column":34}},"loc":{"start":{"line":94,"column":52},"end":{"line":99,"column":3}},"line":94},"10":{"name":"(anonymous_10)","decl":{"start":{"line":101,"column":17},"end":{"line":101,"column":18}},"loc":{"start":{"line":101,"column":57},"end":{"line":106,"column":3}},"line":101}},"branchMap":{"0":{"loc":{"start":{"line":15,"column":4},"end":{"line":22,"column":5}},"type":"if","locations":[{"start":{"line":15,"column":4},"end":{"line":22,"column":5}},{"start":{"line":15,"column":4},"end":{"line":22,"column":5}}],"line":15},"1":{"loc":{"start":{"line":18,"column":6},"end":{"line":20,"column":7}},"type":"if","locations":[{"start":{"line":18,"column":6},"end":{"line":20,"column":7}},{"start":{"line":18,"column":6},"end":{"line":20,"column":7}}],"line":18},"2":{"loc":{"start":{"line":30,"column":6},"end":{"line":34,"column":7}},"type":"if","locations":[{"start":{"line":30,"column":6},"end":{"line":34,"column":7}},{"start":{"line":30,"column":6},"end":{"line":34,"column":7}}],"line":30},"3":{"loc":{"start":{"line":38,"column":6},"end":{"line":44,"column":7}},"type":"if","locations":[{"start":{"line":38,"column":6},"end":{"line":44,"column":7}},{"start":{"line":38,"column":6},"end":{"line":44,"column":7}}],"line":38},"4":{"loc":{"start":{"line":49,"column":4},"end":{"line":51,"column":5}},"type":"if","locations":[{"start":{"line":49,"column":4},"end":{"line":51,"column":5}},{"start":{"line":49,"column":4},"end":{"line":51,"column":5}}],"line":49},"5":{"loc":{"start":{"line":55,"column":6},"end":{"line":57,"column":7}},"type":"if","locations":[{"start":{"line":55,"column":6},"end":{"line":57,"column":7}},{"start":{"line":55,"column":6},"end":{"line":57,"column":7}}],"line":55},"6":{"loc":{"start":{"line":64,"column":4},"end":{"line":66,"column":5}},"type":"if","locations":[{"start":{"line":64,"column":4},"end":{"line":66,"column":5}},{"start":{"line":64,"column":4},"end":{"line":66,"column":5}}],"line":64},"7":{"loc":{"start":{"line":70,"column":6},"end":{"line":72,"column":7}},"type":"if","locations":[{"start":{"line":70,"column":6},"end":{"line":72,"column":7}},{"start":{"line":70,"column":6},"end":{"line":72,"column":7}}],"line":70},"8":{"loc":{"start":{"line":79,"column":4},"end":{"line":81,"column":5}},"type":"if","locations":[{"start":{"line":79,"column":4},"end":{"line":81,"column":5}},{"start":{"line":79,"column":4},"end":{"line":81,"column":5}}],"line":79},"9":{"loc":{"start":{"line":95,"column":4},"end":{"line":97,"column":5}},"type":"if","locations":[{"start":{"line":95,"column":4},"end":{"line":97,"column":5}},{"start":{"line":95,"column":4},"end":{"line":97,"column":5}}],"line":95}},"s":{"0":1,"1":1,"2":1,"3":5,"4":5,"5":5,"6":5,"7":6,"8":6,"9":6,"10":5,"11":5,"12":0,"13":5,"14":2,"15":5,"16":2,"17":5,"18":0,"19":0,"20":0,"21":0,"22":0,"23":0,"24":0,"25":0,"26":0,"27":0,"28":5,"29":0,"30":0,"31":0,"32":0,"33":0,"34":0,"35":0,"36":5,"37":6,"38":5,"39":1,"40":1,"41":0,"42":0,"43":0,"44":5,"45":2,"46":1,"47":1,"48":1,"49":1,"50":1,"51":1,"52":1,"53":5,"54":2,"55":1,"56":1,"57":5,"58":2,"59":1},"f":{"0":5,"1":6,"2":2,"3":2,"4":0,"5":0,"6":6,"7":2,"8":1,"9":2,"10":2},"b":{"0":[6,0],"1":[5,0],"2":[0,0],"3":[0,0],"4":[0,0],"5":[0,0],"6":[5,1],"7":[0,0],"8":[1,1],"9":[1,1]},"_coverageSchema":"1a1c01bbd47fc00a2c39e90264f33305004495a9","hash":"d5f06adb7b671976bb49197556e22f4580763cde"}
}
