TN:
SF:src/constants/event-constants.js
FNF:0
FNH:0
DA:2,1
LF:1
LH:1
BRF:0
BRH:0
end_of_record
TN:
SF:src/constants/topic-subscriber-constants.js
FNF:0
FNH:0
DA:2,1
LF:1
LH:1
BRF:0
BRH:0
end_of_record
TN:
SF:src/events/in-memory-event.js
FN:3,InMemoryEventProducer
FN:4,(anonymous_1)
FN:9,(anonymous_2)
FN:14,InMemoryEventConsumer
FN:15,(anonymous_4)
FN:16,(anonymous_5)
FNF:6
FNH:6
FNDA:5,InMemoryEventProducer
FNDA:8,(anonymous_1)
FNDA:15,(anonymous_2)
FNDA:4,InMemoryEventConsumer
FNDA:15,(anonymous_4)
FNDA:7,(anonymous_5)
DA:4,5
DA:5,8
DA:6,8
DA:9,5
DA:10,15
DA:15,4
DA:16,15
DA:17,7
DA:22,3
LF:9
LH:9
BRF:0
BRH:0
end_of_record
TN:
SF:src/events/index.js
FNF:0
FNH:0
DA:2,2
DA:3,2
DA:4,2
DA:6,2
LF:4
LH:4
BRF:0
BRH:0
end_of_record
TN:
SF:src/handlers/clicked-tool-handler.js
FN:8,ClickedToolHandler
FN:14,(anonymous_1)
FN:18,(anonymous_2)
FN:28,(anonymous_3)
FN:29,(anonymous_4)
FN:31,(anonymous_5)
FN:51,(anonymous_6)
FN:66,(anonymous_7)
FN:81,(anonymous_8)
FN:89,(anonymous_9)
FN:97,(anonymous_10)
FN:104,(anonymous_11)
FNF:12
FNH:12
FNDA:13,ClickedToolHandler
FNDA:5,(anonymous_1)
FNDA:5,(anonymous_2)
FNDA:2,(anonymous_3)
FNDA:2,(anonymous_4)
FNDA:1,(anonymous_5)
FNDA:3,(anonymous_6)
FNDA:7,(anonymous_7)
FNDA:5,(anonymous_8)
FNDA:4,(anonymous_9)
FNDA:5,(anonymous_10)
FNDA:5,(anonymous_11)
DA:2,1
DA:5,1
DA:6,1
DA:9,13
DA:11,13
DA:12,13
DA:14,13
DA:15,5
DA:18,13
DA:19,5
DA:20,4
DA:21,4
DA:22,4
DA:23,0
DA:28,13
DA:29,13
DA:31,13
DA:32,1
DA:33,2
DA:34,1
DA:36,1
DA:40,1
DA:41,2
DA:42,1
DA:43,1
DA:45,1
DA:46,1
DA:51,13
DA:52,3
DA:53,1
DA:56,2
DA:57,2
DA:58,2
DA:59,1
DA:63,1
DA:66,13
DA:67,7
DA:68,5
DA:71,2
DA:72,2
DA:73,2
DA:74,1
DA:78,1
DA:81,13
DA:82,5
DA:83,1
DA:86,4
DA:88,4
DA:89,5
DA:90,4
DA:91,4
DA:92,4
DA:97,13
DA:98,5
DA:99,1
DA:101,4
DA:104,13
DA:105,5
DA:112,1
LF:59
LH:58
BRDA:8,0,0,12
BRDA:8,1,0,13
BRDA:19,2,0,4
BRDA:19,2,1,1
BRDA:22,3,0,0
BRDA:22,3,1,4
BRDA:33,4,0,1
BRDA:33,4,1,1
BRDA:41,5,0,1
BRDA:41,5,1,1
BRDA:52,6,0,1
BRDA:52,6,1,2
BRDA:58,7,0,1
BRDA:58,7,1,1
BRDA:67,8,0,5
BRDA:67,8,1,2
BRDA:73,9,0,1
BRDA:73,9,1,1
BRDA:82,10,0,1
BRDA:82,10,1,4
BRDA:98,11,0,1
BRDA:98,11,1,4
BRF:22
BRH:21
end_of_record
