TN:
SF:src/constants/event-constants.js
FNF:0
FNH:0
DA:2,1
LF:1
LH:1
BRF:0
BRH:0
end_of_record
TN:
SF:src/constants/topic-subscriber-constants.js
FNF:0
FNH:0
DA:2,1
LF:1
LH:1
BRF:0
BRH:0
end_of_record
TN:
SF:src/events/in-memory-event.js
FN:3,InMemoryEventProducer
FN:4,(anonymous_1)
FN:9,(anonymous_2)
FN:14,InMemoryEventConsumer
FN:15,(anonymous_4)
FN:16,(anonymous_5)
FNF:6
FNH:6
FNDA:5,InMemoryEventProducer
FNDA:5,(anonymous_1)
FNDA:13,(anonymous_2)
FNDA:4,InMemoryEventConsumer
FNDA:13,(anonymous_4)
FNDA:4,(anonymous_5)
DA:4,5
DA:5,5
DA:6,5
DA:9,5
DA:10,13
DA:15,4
DA:16,13
DA:17,4
DA:22,3
LF:9
LH:9
BRF:0
BRH:0
end_of_record
TN:
SF:src/events/index.js
FNF:0
FNH:0
DA:2,2
DA:3,2
DA:4,2
DA:6,2
LF:4
LH:4
BRF:0
BRH:0
end_of_record
TN:
SF:src/handlers/clicked-tool-handler.js
FN:8,ClickedToolHandler
FN:17,(anonymous_1)
FN:28,(anonymous_2)
FN:29,(anonymous_3)
FN:31,(anonymous_4)
FN:51,(anonymous_5)
FN:66,(anonymous_6)
FN:81,(anonymous_7)
FN:89,(anonymous_8)
FN:97,(anonymous_9)
FN:104,(anonymous_10)
FNF:11
FNH:10
FNDA:11,ClickedToolHandler
FNDA:2,(anonymous_1)
FNDA:2,(anonymous_2)
FNDA:2,(anonymous_3)
FNDA:0,(anonymous_4)
FNDA:3,(anonymous_5)
FNDA:5,(anonymous_6)
FNDA:4,(anonymous_7)
FNDA:2,(anonymous_8)
FNDA:4,(anonymous_9)
FNDA:3,(anonymous_10)
DA:2,1
DA:5,1
DA:6,1
DA:12,11
DA:14,11
DA:15,11
DA:17,11
DA:18,2
DA:19,2
DA:20,2
DA:21,2
DA:22,2
DA:24,0
DA:28,11
DA:29,11
DA:31,11
DA:32,0
DA:33,0
DA:34,0
DA:36,0
DA:40,0
DA:41,0
DA:42,0
DA:43,0
DA:45,0
DA:46,0
DA:51,11
DA:52,3
DA:53,1
DA:56,2
DA:57,2
DA:58,2
DA:59,1
DA:63,1
DA:66,11
DA:67,5
DA:68,3
DA:71,2
DA:72,2
DA:73,2
DA:74,1
DA:78,1
DA:81,11
DA:82,4
DA:83,1
DA:86,3
DA:88,3
DA:89,3
DA:90,2
DA:91,2
DA:92,2
DA:97,11
DA:98,4
DA:99,1
DA:101,3
DA:104,11
DA:105,3
DA:112,1
LF:58
LH:47
BRDA:9,0,0,10
BRDA:10,1,0,11
BRDA:18,2,0,2
BRDA:18,2,1,0
BRDA:21,3,0,2
BRDA:21,3,1,0
BRDA:33,4,0,0
BRDA:33,4,1,0
BRDA:41,5,0,0
BRDA:41,5,1,0
BRDA:52,6,0,1
BRDA:52,6,1,2
BRDA:58,7,0,1
BRDA:58,7,1,1
BRDA:67,8,0,3
BRDA:67,8,1,2
BRDA:73,9,0,1
BRDA:73,9,1,1
BRDA:82,10,0,1
BRDA:82,10,1,3
BRDA:98,11,0,1
BRDA:98,11,1,3
BRF:22
BRH:16
end_of_record
